<?xml version="1.0" encoding="UTF-8"?>
<!-- Generated by org.testng.reporters.JUnitReportReporter -->
<testsuite hostname="Poonams-Air.domain.name" failures="0" tests="1" name="Test_Classes.Post_TC1" time="2.246" errors="0" timestamp="2023-06-28T19:10:32 IST" skipped="0">
  <testcase classname="Test_Classes.Post_TC1" name="extractor" time="2.246"/>
  <system-out/>
</testsuite> <!-- Test_Classes.Post_TC1 -->
